2025-12-21 20:53:28 [INFO]: El servidor está escuchando en el puerto 5000
2025-12-21 20:53:28 [ERROR]: Error inesperado: Unknown database 'tickets'
2025-12-21 20:53:28 [ERROR]: No se pudo conectar a la base de datos: Unknown database 'tickets'
2025-12-21 20:53:28 [ERROR]: Error al sincronizar la Base de Datos: SequelizeConnectionError: Unknown database 'tickets'
2025-12-21 20:53:30 [INFO]: ✅ Mongoose conectado a MongoDB en: edisoncloud-shard-00-01.ux4si.mongodb.net
2025-12-21 20:53:30 [INFO]: 🚀 MongoDB conectado correctamente
2025-12-21 20:55:04 [INFO]: [0mGET / [32m200[0m 12.525 ms - 12[0m
2025-12-21 20:55:05 [WARN]: 404 Not Found: /favicon.ico
2025-12-21 20:55:05 [INFO]: [0mGET /favicon.ico [33m404[0m 7.501 ms - 62[0m
2025-12-21 20:55:05 [ERROR]: Error: Unknown database 'tickets'
    at PromisePool.query (C:\Users\user_pc\OneDrive\Escritorio\tickets-master\tickets-master\backend\node_modules\express-mysql-session\node_modules\mysql2\promise.js:356:22)
    at C:\Users\user_pc\OneDrive\Escritorio\tickets-master\tickets-master\backend\node_modules\express-mysql-session\index.js:384:30
    at new Promise (<anonymous>)
    at MySQLStore.query (C:\Users\user_pc\OneDrive\Escritorio\tickets-master\tickets-master\backend\node_modules\express-mysql-session\index.js:381:10)
    at C:\Users\user_pc\OneDrive\Escritorio\tickets-master\tickets-master\backend\node_modules\express-mysql-session\index.js:232:16
    at process.processTicksAndRejections (node:internal/process/task_queues:95:5)
2025-12-21 20:56:02 [ERROR]: Error: Unknown database 'tickets'
Stack: Error: Unknown database 'tickets'
    at PromisePool.query (C:\Users\user_pc\OneDrive\Escritorio\tickets-master\tickets-master\backend\node_modules\express-mysql-session\node_modules\mysql2\promise.js:356:22)
    at C:\Users\user_pc\OneDrive\Escritorio\tickets-master\tickets-master\backend\node_modules\express-mysql-session\index.js:384:30
    at new Promise (<anonymous>)
    at MySQLStore.query (C:\Users\user_pc\OneDrive\Escritorio\tickets-master\tickets-master\backend\node_modules\express-mysql-session\index.js:381:10)
    at C:\Users\user_pc\OneDrive\Escritorio\tickets-master\tickets-master\backend\node_modules\express-mysql-session\index.js:170:16
    at process.processTicksAndRejections (node:internal/process/task_queues:95:5)
2025-12-21 20:56:02 [INFO]: [0mGET /public/nuevo-ticket.html [31m500[0m 24.072 ms - 35[0m
2025-12-21 20:56:02 [ERROR]: Error: Unknown database 'tickets'
    at PromisePool.query (C:\Users\user_pc\OneDrive\Escritorio\tickets-master\tickets-master\backend\node_modules\express-mysql-session\node_modules\mysql2\promise.js:356:22)
    at C:\Users\user_pc\OneDrive\Escritorio\tickets-master\tickets-master\backend\node_modules\express-mysql-session\index.js:384:30
    at new Promise (<anonymous>)
    at MySQLStore.query (C:\Users\user_pc\OneDrive\Escritorio\tickets-master\tickets-master\backend\node_modules\express-mysql-session\index.js:381:10)
    at C:\Users\user_pc\OneDrive\Escritorio\tickets-master\tickets-master\backend\node_modules\express-mysql-session\index.js:287:16
    at process.processTicksAndRejections (node:internal/process/task_queues:95:5)
2025-12-21 20:56:25 [ERROR]: Error: Unknown database 'tickets'
Stack: Error: Unknown database 'tickets'
    at PromisePool.query (C:\Users\user_pc\OneDrive\Escritorio\tickets-master\tickets-master\backend\node_modules\express-mysql-session\node_modules\mysql2\promise.js:356:22)
    at C:\Users\user_pc\OneDrive\Escritorio\tickets-master\tickets-master\backend\node_modules\express-mysql-session\index.js:384:30
    at new Promise (<anonymous>)
    at MySQLStore.query (C:\Users\user_pc\OneDrive\Escritorio\tickets-master\tickets-master\backend\node_modules\express-mysql-session\index.js:381:10)
    at C:\Users\user_pc\OneDrive\Escritorio\tickets-master\tickets-master\backend\node_modules\express-mysql-session\index.js:170:16
    at process.processTicksAndRejections (node:internal/process/task_queues:95:5)
2025-12-21 20:56:25 [INFO]: [0mGET /public/publico.html [31m500[0m 15.441 ms - 35[0m
2025-12-21 20:56:25 [ERROR]: Error: Unknown database 'tickets'
    at PromisePool.query (C:\Users\user_pc\OneDrive\Escritorio\tickets-master\tickets-master\backend\node_modules\express-mysql-session\node_modules\mysql2\promise.js:356:22)
    at C:\Users\user_pc\OneDrive\Escritorio\tickets-master\tickets-master\backend\node_modules\express-mysql-session\index.js:384:30
    at new Promise (<anonymous>)
    at MySQLStore.query (C:\Users\user_pc\OneDrive\Escritorio\tickets-master\tickets-master\backend\node_modules\express-mysql-session\index.js:381:10)
    at C:\Users\user_pc\OneDrive\Escritorio\tickets-master\tickets-master\backend\node_modules\express-mysql-session\index.js:287:16
    at process.processTicksAndRejections (node:internal/process/task_queues:95:5)
2025-12-21 20:56:36 [ERROR]: Error: Unknown database 'tickets'
Stack: Error: Unknown database 'tickets'
    at PromisePool.query (C:\Users\user_pc\OneDrive\Escritorio\tickets-master\tickets-master\backend\node_modules\express-mysql-session\node_modules\mysql2\promise.js:356:22)
    at C:\Users\user_pc\OneDrive\Escritorio\tickets-master\tickets-master\backend\node_modules\express-mysql-session\index.js:384:30
    at new Promise (<anonymous>)
    at MySQLStore.query (C:\Users\user_pc\OneDrive\Escritorio\tickets-master\tickets-master\backend\node_modules\express-mysql-session\index.js:381:10)
    at C:\Users\user_pc\OneDrive\Escritorio\tickets-master\tickets-master\backend\node_modules\express-mysql-session\index.js:170:16
    at process.processTicksAndRejections (node:internal/process/task_queues:95:5)
2025-12-21 20:56:36 [INFO]: [0mGET /public/escritorio.html?escritorio=1 [31m500[0m 15.696 ms - 35[0m
2025-12-21 20:56:36 [ERROR]: Error: Unknown database 'tickets'
    at PromisePool.query (C:\Users\user_pc\OneDrive\Escritorio\tickets-master\tickets-master\backend\node_modules\express-mysql-session\node_modules\mysql2\promise.js:356:22)
    at C:\Users\user_pc\OneDrive\Escritorio\tickets-master\tickets-master\backend\node_modules\express-mysql-session\index.js:384:30
    at new Promise (<anonymous>)
    at MySQLStore.query (C:\Users\user_pc\OneDrive\Escritorio\tickets-master\tickets-master\backend\node_modules\express-mysql-session\index.js:381:10)
    at C:\Users\user_pc\OneDrive\Escritorio\tickets-master\tickets-master\backend\node_modules\express-mysql-session\index.js:287:16
    at process.processTicksAndRejections (node:internal/process/task_queues:95:5)
2025-12-21 20:57:18 [ERROR]: Error: Unknown database 'tickets'
Stack: Error: Unknown database 'tickets'
    at PromisePool.query (C:\Users\user_pc\OneDrive\Escritorio\tickets-master\tickets-master\backend\node_modules\express-mysql-session\node_modules\mysql2\promise.js:356:22)
    at C:\Users\user_pc\OneDrive\Escritorio\tickets-master\tickets-master\backend\node_modules\express-mysql-session\index.js:384:30
    at new Promise (<anonymous>)
    at MySQLStore.query (C:\Users\user_pc\OneDrive\Escritorio\tickets-master\tickets-master\backend\node_modules\express-mysql-session\index.js:381:10)
    at C:\Users\user_pc\OneDrive\Escritorio\tickets-master\tickets-master\backend\node_modules\express-mysql-session\index.js:170:16
    at process.processTicksAndRejections (node:internal/process/task_queues:95:5)
2025-12-21 20:57:18 [INFO]: [0mGET /index.html [31m500[0m 26.287 ms - 35[0m
2025-12-21 20:57:18 [ERROR]: Error: Unknown database 'tickets'
    at PromisePool.query (C:\Users\user_pc\OneDrive\Escritorio\tickets-master\tickets-master\backend\node_modules\express-mysql-session\node_modules\mysql2\promise.js:356:22)
    at C:\Users\user_pc\OneDrive\Escritorio\tickets-master\tickets-master\backend\node_modules\express-mysql-session\index.js:384:30
    at new Promise (<anonymous>)
    at MySQLStore.query (C:\Users\user_pc\OneDrive\Escritorio\tickets-master\tickets-master\backend\node_modules\express-mysql-session\index.js:381:10)
    at C:\Users\user_pc\OneDrive\Escritorio\tickets-master\tickets-master\backend\node_modules\express-mysql-session\index.js:287:16
    at process.processTicksAndRejections (node:internal/process/task_queues:95:5)
2025-12-21 20:57:42 [ERROR]: Error: Unknown database 'tickets'
Stack: Error: Unknown database 'tickets'
    at PromisePool.query (C:\Users\user_pc\OneDrive\Escritorio\tickets-master\tickets-master\backend\node_modules\express-mysql-session\node_modules\mysql2\promise.js:356:22)
    at C:\Users\user_pc\OneDrive\Escritorio\tickets-master\tickets-master\backend\node_modules\express-mysql-session\index.js:384:30
    at new Promise (<anonymous>)
    at MySQLStore.query (C:\Users\user_pc\OneDrive\Escritorio\tickets-master\tickets-master\backend\node_modules\express-mysql-session\index.js:381:10)
    at C:\Users\user_pc\OneDrive\Escritorio\tickets-master\tickets-master\backend\node_modules\express-mysql-session\index.js:170:16
    at process.processTicksAndRejections (node:internal/process/task_queues:95:5)
2025-12-21 20:57:42 [INFO]: [0mGET /public/index.html [31m500[0m 7.683 ms - 35[0m
2025-12-21 20:57:42 [ERROR]: Error: Unknown database 'tickets'
    at PromisePool.query (C:\Users\user_pc\OneDrive\Escritorio\tickets-master\tickets-master\backend\node_modules\express-mysql-session\node_modules\mysql2\promise.js:356:22)
    at C:\Users\user_pc\OneDrive\Escritorio\tickets-master\tickets-master\backend\node_modules\express-mysql-session\index.js:384:30
    at new Promise (<anonymous>)
    at MySQLStore.query (C:\Users\user_pc\OneDrive\Escritorio\tickets-master\tickets-master\backend\node_modules\express-mysql-session\index.js:381:10)
    at C:\Users\user_pc\OneDrive\Escritorio\tickets-master\tickets-master\backend\node_modules\express-mysql-session\index.js:287:16
    at process.processTicksAndRejections (node:internal/process/task_queues:95:5)
2025-12-21 20:57:51 [ERROR]: Error: Unknown database 'tickets'
Stack: Error: Unknown database 'tickets'
    at PromisePool.query (C:\Users\user_pc\OneDrive\Escritorio\tickets-master\tickets-master\backend\node_modules\express-mysql-session\node_modules\mysql2\promise.js:356:22)
    at C:\Users\user_pc\OneDrive\Escritorio\tickets-master\tickets-master\backend\node_modules\express-mysql-session\index.js:384:30
    at new Promise (<anonymous>)
    at MySQLStore.query (C:\Users\user_pc\OneDrive\Escritorio\tickets-master\tickets-master\backend\node_modules\express-mysql-session\index.js:381:10)
    at C:\Users\user_pc\OneDrive\Escritorio\tickets-master\tickets-master\backend\node_modules\express-mysql-session\index.js:170:16
    at process.processTicksAndRejections (node:internal/process/task_queues:95:5)
2025-12-21 20:57:51 [INFO]: [0mGET /api/tickets [31m500[0m 9.378 ms - 35[0m
2025-12-21 20:57:51 [ERROR]: Error: Unknown database 'tickets'
    at PromisePool.query (C:\Users\user_pc\OneDrive\Escritorio\tickets-master\tickets-master\backend\node_modules\express-mysql-session\node_modules\mysql2\promise.js:356:22)
    at C:\Users\user_pc\OneDrive\Escritorio\tickets-master\tickets-master\backend\node_modules\express-mysql-session\index.js:384:30
    at new Promise (<anonymous>)
    at MySQLStore.query (C:\Users\user_pc\OneDrive\Escritorio\tickets-master\tickets-master\backend\node_modules\express-mysql-session\index.js:381:10)
    at C:\Users\user_pc\OneDrive\Escritorio\tickets-master\tickets-master\backend\node_modules\express-mysql-session\index.js:287:16
    at process.processTicksAndRejections (node:internal/process/task_queues:95:5)
2025-12-21 21:04:42 [WARN]: 404 Not Found: /src/index.html
2025-12-21 21:04:42 [INFO]: [0mGET /src/index.html [33m404[0m 5.242 ms - 62[0m
2025-12-21 21:04:42 [ERROR]: Error: Unknown database 'tickets'
    at PromisePool.query (C:\Users\user_pc\OneDrive\Escritorio\tickets-master\tickets-master\backend\node_modules\express-mysql-session\node_modules\mysql2\promise.js:356:22)
    at C:\Users\user_pc\OneDrive\Escritorio\tickets-master\tickets-master\backend\node_modules\express-mysql-session\index.js:384:30
    at new Promise (<anonymous>)
    at MySQLStore.query (C:\Users\user_pc\OneDrive\Escritorio\tickets-master\tickets-master\backend\node_modules\express-mysql-session\index.js:381:10)
    at C:\Users\user_pc\OneDrive\Escritorio\tickets-master\tickets-master\backend\node_modules\express-mysql-session\index.js:232:16
    at process.processTicksAndRejections (node:internal/process/task_queues:95:5)
2025-12-21 21:04:43 [ERROR]: Error: Unknown database 'tickets'
Stack: Error: Unknown database 'tickets'
    at PromisePool.query (C:\Users\user_pc\OneDrive\Escritorio\tickets-master\tickets-master\backend\node_modules\express-mysql-session\node_modules\mysql2\promise.js:356:22)
    at C:\Users\user_pc\OneDrive\Escritorio\tickets-master\tickets-master\backend\node_modules\express-mysql-session\index.js:384:30
    at new Promise (<anonymous>)
    at MySQLStore.query (C:\Users\user_pc\OneDrive\Escritorio\tickets-master\tickets-master\backend\node_modules\express-mysql-session\index.js:381:10)
    at C:\Users\user_pc\OneDrive\Escritorio\tickets-master\tickets-master\backend\node_modules\express-mysql-session\index.js:170:16
    at process.processTicksAndRejections (node:internal/process/task_queues:95:5)
2025-12-21 21:04:43 [INFO]: [0mGET /favicon.ico [31m500[0m 6.276 ms - 35[0m
2025-12-21 21:04:43 [ERROR]: Error: Unknown database 'tickets'
    at PromisePool.query (C:\Users\user_pc\OneDrive\Escritorio\tickets-master\tickets-master\backend\node_modules\express-mysql-session\node_modules\mysql2\promise.js:356:22)
    at C:\Users\user_pc\OneDrive\Escritorio\tickets-master\tickets-master\backend\node_modules\express-mysql-session\index.js:384:30
    at new Promise (<anonymous>)
    at MySQLStore.query (C:\Users\user_pc\OneDrive\Escritorio\tickets-master\tickets-master\backend\node_modules\express-mysql-session\index.js:381:10)
    at C:\Users\user_pc\OneDrive\Escritorio\tickets-master\tickets-master\backend\node_modules\express-mysql-session\index.js:287:16
    at process.processTicksAndRejections (node:internal/process/task_queues:95:5)
2025-12-21 21:04:50 [ERROR]: Error: Unknown database 'tickets'
Stack: Error: Unknown database 'tickets'
    at PromisePool.query (C:\Users\user_pc\OneDrive\Escritorio\tickets-master\tickets-master\backend\node_modules\express-mysql-session\node_modules\mysql2\promise.js:356:22)
    at C:\Users\user_pc\OneDrive\Escritorio\tickets-master\tickets-master\backend\node_modules\express-mysql-session\index.js:384:30
    at new Promise (<anonymous>)
    at MySQLStore.query (C:\Users\user_pc\OneDrive\Escritorio\tickets-master\tickets-master\backend\node_modules\express-mysql-session\index.js:381:10)
    at C:\Users\user_pc\OneDrive\Escritorio\tickets-master\tickets-master\backend\node_modules\express-mysql-session\index.js:170:16
    at process.processTicksAndRejections (node:internal/process/task_queues:95:5)
2025-12-21 21:04:50 [INFO]: [0mGET /frontend/src/index.html [31m500[0m 6.522 ms - 35[0m
2025-12-21 21:04:50 [ERROR]: Error: Unknown database 'tickets'
    at PromisePool.query (C:\Users\user_pc\OneDrive\Escritorio\tickets-master\tickets-master\backend\node_modules\express-mysql-session\node_modules\mysql2\promise.js:356:22)
    at C:\Users\user_pc\OneDrive\Escritorio\tickets-master\tickets-master\backend\node_modules\express-mysql-session\index.js:384:30
    at new Promise (<anonymous>)
    at MySQLStore.query (C:\Users\user_pc\OneDrive\Escritorio\tickets-master\tickets-master\backend\node_modules\express-mysql-session\index.js:381:10)
    at C:\Users\user_pc\OneDrive\Escritorio\tickets-master\tickets-master\backend\node_modules\express-mysql-session\index.js:287:16
    at process.processTicksAndRejections (node:internal/process/task_queues:95:5)
2025-12-21 21:04:50 [ERROR]: Error: Unknown database 'tickets'
Stack: Error: Unknown database 'tickets'
    at PromisePool.query (C:\Users\user_pc\OneDrive\Escritorio\tickets-master\tickets-master\backend\node_modules\express-mysql-session\node_modules\mysql2\promise.js:356:22)
    at C:\Users\user_pc\OneDrive\Escritorio\tickets-master\tickets-master\backend\node_modules\express-mysql-session\index.js:384:30
    at new Promise (<anonymous>)
    at MySQLStore.query (C:\Users\user_pc\OneDrive\Escritorio\tickets-master\tickets-master\backend\node_modules\express-mysql-session\index.js:381:10)
    at C:\Users\user_pc\OneDrive\Escritorio\tickets-master\tickets-master\backend\node_modules\express-mysql-session\index.js:170:16
    at process.processTicksAndRejections (node:internal/process/task_queues:95:5)
2025-12-21 21:04:50 [INFO]: [0mGET /favicon.ico [31m500[0m 6.749 ms - 35[0m
2025-12-21 21:04:50 [ERROR]: Error: Unknown database 'tickets'
    at PromisePool.query (C:\Users\user_pc\OneDrive\Escritorio\tickets-master\tickets-master\backend\node_modules\express-mysql-session\node_modules\mysql2\promise.js:356:22)
    at C:\Users\user_pc\OneDrive\Escritorio\tickets-master\tickets-master\backend\node_modules\express-mysql-session\index.js:384:30
    at new Promise (<anonymous>)
    at MySQLStore.query (C:\Users\user_pc\OneDrive\Escritorio\tickets-master\tickets-master\backend\node_modules\express-mysql-session\index.js:381:10)
    at C:\Users\user_pc\OneDrive\Escritorio\tickets-master\tickets-master\backend\node_modules\express-mysql-session\index.js:287:16
    at process.processTicksAndRejections (node:internal/process/task_queues:95:5)
2025-12-21 21:04:55 [ERROR]: Error: Unknown database 'tickets'
Stack: Error: Unknown database 'tickets'
    at PromisePool.query (C:\Users\user_pc\OneDrive\Escritorio\tickets-master\tickets-master\backend\node_modules\express-mysql-session\node_modules\mysql2\promise.js:356:22)
    at C:\Users\user_pc\OneDrive\Escritorio\tickets-master\tickets-master\backend\node_modules\express-mysql-session\index.js:384:30
    at new Promise (<anonymous>)
    at MySQLStore.query (C:\Users\user_pc\OneDrive\Escritorio\tickets-master\tickets-master\backend\node_modules\express-mysql-session\index.js:381:10)
    at C:\Users\user_pc\OneDrive\Escritorio\tickets-master\tickets-master\backend\node_modules\express-mysql-session\index.js:170:16
    at process.processTicksAndRejections (node:internal/process/task_queues:95:5)
2025-12-21 21:04:55 [INFO]: [0mGET /pages/tickets.html [31m500[0m 9.543 ms - 35[0m
2025-12-21 21:04:55 [ERROR]: Error: Unknown database 'tickets'
    at PromisePool.query (C:\Users\user_pc\OneDrive\Escritorio\tickets-master\tickets-master\backend\node_modules\express-mysql-session\node_modules\mysql2\promise.js:356:22)
    at C:\Users\user_pc\OneDrive\Escritorio\tickets-master\tickets-master\backend\node_modules\express-mysql-session\index.js:384:30
    at new Promise (<anonymous>)
    at MySQLStore.query (C:\Users\user_pc\OneDrive\Escritorio\tickets-master\tickets-master\backend\node_modules\express-mysql-session\index.js:381:10)
    at C:\Users\user_pc\OneDrive\Escritorio\tickets-master\tickets-master\backend\node_modules\express-mysql-session\index.js:287:16
    at process.processTicksAndRejections (node:internal/process/task_queues:95:5)
2025-12-21 21:04:55 [ERROR]: Error: Unknown database 'tickets'
Stack: Error: Unknown database 'tickets'
    at PromisePool.query (C:\Users\user_pc\OneDrive\Escritorio\tickets-master\tickets-master\backend\node_modules\express-mysql-session\node_modules\mysql2\promise.js:356:22)
    at C:\Users\user_pc\OneDrive\Escritorio\tickets-master\tickets-master\backend\node_modules\express-mysql-session\index.js:384:30
    at new Promise (<anonymous>)
    at MySQLStore.query (C:\Users\user_pc\OneDrive\Escritorio\tickets-master\tickets-master\backend\node_modules\express-mysql-session\index.js:381:10)
    at C:\Users\user_pc\OneDrive\Escritorio\tickets-master\tickets-master\backend\node_modules\express-mysql-session\index.js:170:16
    at process.processTicksAndRejections (node:internal/process/task_queues:95:5)
2025-12-21 21:04:55 [INFO]: [0mGET /favicon.ico [31m500[0m 13.226 ms - 35[0m
2025-12-21 21:04:55 [ERROR]: Error: Unknown database 'tickets'
    at PromisePool.query (C:\Users\user_pc\OneDrive\Escritorio\tickets-master\tickets-master\backend\node_modules\express-mysql-session\node_modules\mysql2\promise.js:356:22)
    at C:\Users\user_pc\OneDrive\Escritorio\tickets-master\tickets-master\backend\node_modules\express-mysql-session\index.js:384:30
    at new Promise (<anonymous>)
    at MySQLStore.query (C:\Users\user_pc\OneDrive\Escritorio\tickets-master\tickets-master\backend\node_modules\express-mysql-session\index.js:381:10)
    at C:\Users\user_pc\OneDrive\Escritorio\tickets-master\tickets-master\backend\node_modules\express-mysql-session\index.js:287:16
    at process.processTicksAndRejections (node:internal/process/task_queues:95:5)
2025-12-21 21:52:14 [INFO]: El servidor está escuchando en el puerto 5000
2025-12-21 21:52:14 [INFO]: Base de datos conectada
2025-12-21 21:52:14 [INFO]: Conexión establecida con la base de datos
2025-12-21 21:52:15 [INFO]: Base de Datos sincronizadas
2025-12-21 21:52:16 [INFO]: ✅ Mongoose conectado a MongoDB en: edisoncloud-shard-00-02.ux4si.mongodb.net
2025-12-21 21:52:16 [INFO]: 🚀 MongoDB conectado correctamente
2025-12-21 21:56:58 [INFO]: [0mPOST /cliente/crear [33m400[0m 26.617 ms - 57[0m
2025-12-21 21:58:19 [INFO]: [0mGET /cliente/lista [32m200[0m 15.538 ms - 2[0m
2025-12-21 21:58:20 [INFO]: [0mGET /events/eventos [32m200[0m 10.058 ms - 2[0m
2025-12-21 22:04:45 [INFO]: [0mPOST /events/eventos [32m201[0m 259.610 ms - 52[0m
2025-12-21 22:07:46 [INFO]: [0mPUT /events/eventos/1 [32m200[0m 23.617 ms - 46[0m
2025-12-21 22:07:46 [INFO]: [0mGET /events/eventos [32m200[0m 15.005 ms - 683[0m
2025-12-21 22:14:20 [INFO]: [0mPOST /events/eventos [32m201[0m 210.523 ms - 52[0m
2025-12-21 22:16:27 [INFO]: [0mPOST /events/eventos [32m201[0m 207.449 ms - 52[0m
2025-12-21 22:16:32 [INFO]: [0mGET /cliente/lista [36m304[0m 3.345 ms - -[0m
2025-12-21 22:16:37 [INFO]: [0mGET /cliente/lista [36m304[0m 5.531 ms - -[0m
2025-12-21 22:16:39 [INFO]: [0mGET /events/eventos [32m200[0m 34.420 ms - -[0m
2025-12-21 22:16:40 [INFO]: [0mGET /cliente/lista [36m304[0m 6.595 ms - -[0m
2025-12-21 22:17:43 [INFO]: [0mGET /events/eventos [32m200[0m 22.038 ms - 2365[0m
2025-12-21 22:17:43 [INFO]: [0mGET /events/eventos [36m304[0m 20.339 ms - -[0m
2025-12-21 22:24:29 [INFO]: [0mGET /events/eventos [36m304[0m 14.987 ms - -[0m
2025-12-21 22:25:00 [INFO]: [0mGET /cliente/lista [36m304[0m 2.861 ms - -[0m
2025-12-21 22:25:00 [INFO]: [0mGET /events/eventos [36m304[0m 12.854 ms - -[0m
2025-12-21 22:26:25 [INFO]: [0mPOST /cliente/crear [32m201[0m 202.973 ms - 55[0m
2025-12-21 22:26:33 [INFO]: [0mGET /events/eventos [32m200[0m 10.310 ms - 2365[0m
2025-12-21 22:26:33 [INFO]: [0mGET /events/eventos [36m304[0m 43.601 ms - -[0m
2025-12-21 22:26:34 [INFO]: [0mGET /cliente/lista [32m200[0m 219.008 ms - 490[0m
2025-12-21 22:26:36 [INFO]: [0mGET /cliente/lista [36m304[0m 178.990 ms - -[0m
2025-12-21 22:26:39 [INFO]: [0mGET /cliente/lista [36m304[0m 179.652 ms - -[0m
2025-12-21 22:26:44 [INFO]: [0mGET /cliente/lista [36m304[0m 179.933 ms - -[0m
2025-12-21 22:29:06 [INFO]: [0mGET /events/eventos [36m304[0m 20.787 ms - -[0m
2025-12-21 22:29:10 [INFO]: [0mGET /cliente/lista [36m304[0m 148.701 ms - -[0m
2025-12-21 22:29:26 [INFO]: [0mGET /events/eventos [36m304[0m 12.280 ms - -[0m
2025-12-21 22:29:28 [INFO]: [0mGET /cliente/lista [36m304[0m 143.850 ms - -[0m
2025-12-21 22:29:29 [INFO]: [0mGET /events/eventos [36m304[0m 17.908 ms - -[0m
2025-12-21 22:29:33 [INFO]: [0mGET /cliente/lista [36m304[0m 152.624 ms - -[0m
2025-12-21 22:34:24 [INFO]: [0mGET /events/eventos [36m304[0m 16.477 ms - -[0m
2025-12-21 22:45:29 [INFO]: [0mGET /events/eventos [32m200[0m 10.637 ms - 2365[0m
2025-12-21 22:45:29 [INFO]: [0mGET /events/eventos [36m304[0m 17.210 ms - -[0m
2025-12-21 22:45:30 [INFO]: [0mGET /cliente/lista [36m304[0m 155.582 ms - -[0m
2025-12-21 22:45:35 [INFO]: [0mGET /cliente/lista [36m304[0m 192.817 ms - -[0m
2025-12-21 22:45:37 [INFO]: [0mGET /events/eventos [36m304[0m 13.672 ms - -[0m
2025-12-21 22:56:39 [INFO]: [0mGET /cliente/lista [36m304[0m 231.086 ms - -[0m
2025-12-21 22:56:53 [INFO]: [0mGET /cliente/lista [36m304[0m 144.107 ms - -[0m
2025-12-21 23:08:07 [INFO]: [0mPOST /cliente/crear [32m201[0m 263.953 ms - 55[0m
2025-12-21 23:08:12 [INFO]: [0mGET /cliente/lista [32m200[0m 181.852 ms - 1005[0m
2025-12-21 23:08:16 [INFO]: [0mGET /cliente/lista [32m200[0m 182.245 ms - 1005[0m
2025-12-21 23:08:17 [INFO]: [0mGET /cliente/lista [36m304[0m 197.077 ms - -[0m
2025-12-21 23:08:38 [INFO]: [0mPUT /cliente/actualizar/2 [32m200[0m 188.607 ms - 46[0m
2025-12-21 23:08:39 [INFO]: [0mGET /cliente/lista [32m200[0m 190.056 ms - 989[0m
2025-12-21 23:08:48 [INFO]: [0mPUT /cliente/actualizar/1 [32m200[0m 182.089 ms - 46[0m
2025-12-21 23:08:50 [INFO]: [0mGET /cliente/lista [32m200[0m 246.849 ms - 1015[0m
2025-12-21 23:09:17 [INFO]: [0mGET /events/eventos [36m304[0m 21.415 ms - -[0m
2025-12-21 23:09:22 [INFO]: [0mGET /cliente/lista [36m304[0m 286.268 ms - -[0m
2025-12-21 23:09:26 [INFO]: [0mGET /events/eventos [36m304[0m 14.228 ms - -[0m
2025-12-21 23:45:34 [INFO]: [0mGET /cliente/lista [36m304[0m 335.428 ms - -[0m
2025-12-21 23:45:37 [INFO]: [0mGET /events/eventos [36m304[0m 11.443 ms - -[0m
2025-12-22 08:00:52 [INFO]: ⚠️  Mongoose desconectado de MongoDB
2025-12-22 08:00:52 [INFO]: ✅ Mongoose conectado a MongoDB en: edisoncloud-shard-00-02.ux4si.mongodb.net
2025-12-22 08:10:39 [INFO]: [0mGET /events/eventos [32m200[0m 48.413 ms - 2365[0m
2025-12-22 08:10:39 [INFO]: [0mGET /events/eventos [36m304[0m 21.067 ms - -[0m
2025-12-22 08:16:35 [INFO]: [0mGET /events/eventos [36m304[0m 85.715 ms - -[0m
2025-12-22 08:16:35 [INFO]: [0mGET /cliente/lista [36m304[0m 1329.306 ms - -[0m
2025-12-22 08:32:01 [INFO]: [0mGET /cliente/lista [36m304[0m 191.902 ms - -[0m
2025-12-22 08:32:06 [INFO]: [0mGET /events/eventos [36m304[0m 28.148 ms - -[0m
